<?xml version="1.0" encoding="UTF-8"?>
<!-- Generated by org.testng.reporters.JUnitXMLReporter -->
<testsuite ignored="4" hostname="IN-PG02H8SH" failures="3" tests="14" name="Test" time="12.515" errors="0" timestamp="2022-08-23T20:01:30 IST">
  <testcase classname="com.Trello.TrelloBoard" name="CreateBoard" time="3.077"/>
  <testcase classname="com.Trello.TrelloBoard" name="GetBoard" time="0.702"/>
  <testcase classname="com.Trello.TrelloBoard" name="UpdateBoard" time="0.763"/>
  <testcase classname="com.Trello.TrelloBoard" name="DeleteBoard_NegativeScenario" time="0.591">
    <failure type="java.lang.AssertionError" message="1 expectation failed.
Expected status code &amp;lt;200&amp;gt; but was &amp;lt;404&amp;gt;.
">
      <![CDATA[java.lang.AssertionError: 1 expectation failed.
Expected status code <200> but was <404>.

at org.codehaus.groovy.runtime.callsite.ConstructorSite$ConstructorSiteNoUnwrapNoCoerce.callConstructor(ConstructorSite.java:108)
at org.codehaus.groovy.runtime.callsite.CallSiteArray.defaultCallConstructor(CallSiteArray.java:58)
at org.codehaus.groovy.runtime.callsite.AbstractCallSite.callConstructor(AbstractCallSite.java:263)
at org.codehaus.groovy.runtime.callsite.AbstractCallSite.callConstructor(AbstractCallSite.java:277)
at io.restassured.internal.ResponseSpecificationImpl$HamcrestAssertionClosure.validate(ResponseSpecificationImpl.groovy:512)
at io.restassured.internal.ResponseSpecificationImpl$HamcrestAssertionClosure$validate$1.call(Unknown Source)
at io.restassured.internal.ResponseSpecificationImpl.validateResponseIfRequired(ResponseSpecificationImpl.groovy:696)
at io.restassured.internal.ResponseSpecificationImpl.this$2$validateResponseIfRequired(ResponseSpecificationImpl.groovy)
at org.codehaus.groovy.runtime.callsite.PlainObjectMetaMethodSite.doInvoke(PlainObjectMetaMethodSite.java:43)
at org.codehaus.groovy.runtime.callsite.PogoMetaMethodSite$PogoCachedMethodSiteNoUnwrapNoCoerce.invoke(PogoMetaMethodSite.java:198)
at org.codehaus.groovy.runtime.callsite.PogoMetaMethodSite.callCurrent(PogoMetaMethodSite.java:62)
at org.codehaus.groovy.runtime.callsite.AbstractCallSite.callCurrent(AbstractCallSite.java:185)
at io.restassured.internal.ResponseSpecificationImpl.statusCode(ResponseSpecificationImpl.groovy:135)
at io.restassured.specification.ResponseSpecification$statusCode$0.callCurrent(Unknown Source)
at io.restassured.internal.ResponseSpecificationImpl.statusCode(ResponseSpecificationImpl.groovy:143)
at io.restassured.internal.ValidatableResponseOptionsImpl.statusCode(ValidatableResponseOptionsImpl.java:89)
at com.Trello.TrelloBoard.DeleteBoard_NegativeScenario(TrelloBoard.java:92)
at java.base/java.util.ArrayList.forEach(ArrayList.java:1511)
... Removed 35 stack frames]]>
    </failure>
  </testcase> <!-- DeleteBoard_NegativeScenario -->
  <testcase classname="com.Trello.TrelloList" name="createList_NegativeScenario" time="0.518">
    <failure type="java.lang.AssertionError" message="1 expectation failed.
Expected status code &amp;lt;200&amp;gt; but was &amp;lt;404&amp;gt;.
">
      <![CDATA[java.lang.AssertionError: 1 expectation failed.
Expected status code <200> but was <404>.

at org.codehaus.groovy.runtime.callsite.ConstructorSite$ConstructorSiteNoUnwrapNoCoerce.callConstructor(ConstructorSite.java:108)
at org.codehaus.groovy.runtime.callsite.AbstractCallSite.callConstructor(AbstractCallSite.java:277)
at io.restassured.internal.ResponseSpecificationImpl$HamcrestAssertionClosure.validate(ResponseSpecificationImpl.groovy:512)
at io.restassured.internal.ResponseSpecificationImpl$HamcrestAssertionClosure$validate$1.call(Unknown Source)
at io.restassured.internal.ResponseSpecificationImpl.validateResponseIfRequired(ResponseSpecificationImpl.groovy:696)
at io.restassured.internal.ResponseSpecificationImpl.this$2$validateResponseIfRequired(ResponseSpecificationImpl.groovy)
at org.codehaus.groovy.runtime.callsite.PlainObjectMetaMethodSite.doInvoke(PlainObjectMetaMethodSite.java:43)
at org.codehaus.groovy.runtime.callsite.PogoMetaMethodSite$PogoCachedMethodSiteNoUnwrapNoCoerce.invoke(PogoMetaMethodSite.java:198)
at org.codehaus.groovy.runtime.callsite.PogoMetaMethodSite.callCurrent(PogoMetaMethodSite.java:62)
at org.codehaus.groovy.runtime.callsite.AbstractCallSite.callCurrent(AbstractCallSite.java:185)
at io.restassured.internal.ResponseSpecificationImpl.statusCode(ResponseSpecificationImpl.groovy:135)
at io.restassured.specification.ResponseSpecification$statusCode$0.callCurrent(Unknown Source)
at io.restassured.internal.ResponseSpecificationImpl.statusCode(ResponseSpecificationImpl.groovy:143)
at io.restassured.internal.ValidatableResponseOptionsImpl.statusCode(ValidatableResponseOptionsImpl.java:89)
at com.Trello.TrelloList.createList_NegativeScenario(TrelloList.java:49)
at java.base/java.util.ArrayList.forEach(ArrayList.java:1511)
... Removed 35 stack frames]]>
    </failure>
  </testcase> <!-- createList_NegativeScenario -->
  <testcase classname="com.Trello.TrelloList" name="createList" time="0.635"/>
  <testcase classname="com.Trello.TrelloList" name="GetList" time="0.578"/>
  <testcase classname="com.Trello.TrelloList" name="updateList" time="0.637"/>
  <testcase classname="com.Trello.TrelloCard" name="CreateCard" time="0.983"/>
  <testcase classname="com.Trello.TrelloCard" name="GetCard" time="0.562"/>
  <testcase classname="com.Trello.TrelloCard" name="UpdateCard_NegativeScenario" time="0.645">
    <failure type="java.lang.AssertionError" message="expected [This is my first Trello Board] but found []">
      <![CDATA[java.lang.AssertionError: expected [This is my first Trello Board] but found []
at com.Trello.TrelloCard.UpdateCard_NegativeScenario(TrelloCard.java:86)
at java.base/java.util.ArrayList.forEach(ArrayList.java:1511)
... Removed 35 stack frames]]>
    </failure>
  </testcase> <!-- UpdateCard_NegativeScenario -->
  <testcase classname="com.Trello.TrelloCard" name="UpdateCard" time="0.67"/>
  <testcase classname="com.Trello.TrelloCard" name="DeleteCard" time="0.611"/>
  <testcase classname="com.Trello.TrelloCard" name="DeleteBoard" time="0.85"/>
  <testcase classname="com.base.BaseClass" name="@BeforeSuite init" time="0.0">
    <ignored/>
  </testcase> <!-- @BeforeSuite init -->
  <testcase classname="com.base.BaseClass" name="@BeforeSuite init" time="0.0">
    <ignored/>
  </testcase> <!-- @BeforeSuite init -->
  <testcase classname="com.base.BaseClass" name="@AfterSuite reportFlush" time="0.0">
    <ignored/>
  </testcase> <!-- @AfterSuite reportFlush -->
  <testcase classname="com.base.BaseClass" name="@AfterSuite reportFlush" time="0.0">
    <ignored/>
  </testcase> <!-- @AfterSuite reportFlush -->
</testsuite> <!-- Test -->
